> git -c user.useConfigOnly=true commit --quiet --allow-empty-message --file -
[33m[STARTED][39m Backing up original state...
[32m[COMPLETED][39m Backed up original state in git stash (60daf1c)
[33m[STARTED][39m Running tasks for staged files...
[33m[STARTED][39m package.json â€” 49 files
[33m[STARTED][39m *.{js,jsx,ts,tsx} â€” 41 files
[33m[STARTED][39m *.{json,md,css} â€” 3 files
[33m[STARTED][39m eslint --fix
[33m[STARTED][39m prettier --write
[32m[COMPLETED][39m prettier --write
[32m[COMPLETED][39m *.{json,md,css} â€” 3 files
[31m[FAILED][39m eslint --fix [FAILED]
[31m[FAILED][39m eslint --fix [FAILED]
[32m[COMPLETED][39m Running tasks for staged files...
[33m[STARTED][39m Applying modifications from tasks...
[33m[SKIPPED][39m Skipped because of errors from tasks.
[33m[STARTED][39m Reverting to original state because of errors...
[32m[COMPLETED][39m Reverting to original state because of errors...
[33m[STARTED][39m Cleaning up temporary files...
[32m[COMPLETED][39m Cleaning up temporary files...

âœ– eslint --fix:

C:\Users\Ali Rayyan\Desktop\Mavroqsit\lawfirm-software\scripts\initialize-law-firm.ts
  4:24  warning  'Prisma' is defined but never used  @typescript-eslint/no-unused-vars

C:\Users\Ali Rayyan\Desktop\Mavroqsit\lawfirm-software\scripts\test-error-rate-limit.js
  218:14  warning  'addStandardHeaders' is defined but never used  @typescript-eslint/no-unused-vars

C:\Users\Ali Rayyan\Desktop\Mavroqsit\lawfirm-software\scripts\test-init-firm.js
  4:32  error  A `require()` style import is forbidden  @typescript-eslint/no-require-imports

C:\Users\Ali Rayyan\Desktop\Mavroqsit\lawfirm-software\scripts\test-rbac.js
  183:1  warning  Assign object to a variable before exporting as module default  import/no-anonymous-default-export

C:\Users\Ali Rayyan\Desktop\Mavroqsit\lawfirm-software\src\app\api\admin\audit\route.ts
  24:18  error  Unexpected any. Specify a different type  @typescript-eslint/no-explicit-any
  87:10  error  Unexpected any. Specify a different type  @typescript-eslint/no-explicit-any

C:\Users\Ali Rayyan\Desktop\Mavroqsit\lawfirm-software\src\app\api\admin\dashboard\activity\route.ts
  18:34  error  Unexpected any. Specify a different type  @typescript-eslint/no-explicit-any

C:\Users\Ali Rayyan\Desktop\Mavroqsit\lawfirm-software\src\app\api\admin\dashboard\stats\route.ts
  18:34  error  Unexpected any. Specify a different type  @typescript-eslint/no-explicit-any

C:\Users\Ali Rayyan\Desktop\Mavroqsit\lawfirm-software\src\app\api\admin\firms\[id]\route.ts
  113:25  error  Unexpected any. Specify a different type  @typescript-eslint/no-explicit-any

C:\Users\Ali Rayyan\Desktop\Mavroqsit\lawfirm-software\src\app\api\admin\firms\route.ts
  22:18  error  Unexpected any. Specify a different type  @typescript-eslint/no-explicit-any

C:\Users\Ali Rayyan\Desktop\Mavroqsit\lawfirm-software\src\app\api\auth\me\route.ts
   9:27  warning  'request' is defined but never used       @typescript-eslint/no-unused-vars
  18:45  error    Unexpected any. Specify a different type  @typescript-eslint/no-explicit-any
  37:42  error    Unexpected any. Specify a different type  @typescript-eslint/no-explicit-any

C:\Users\Ali Rayyan\Desktop\Mavroqsit\lawfirm-software\src\components\Admin\AuditLogs.tsx
  18:16  error    Unexpected any. Specify a different type                                                                           @typescript-eslint/no-explicit-any
  34:6   warning  React Hook useEffect has a missing dependency: 'fetchAuditLogs'. Either include it or remove the dependency array  react-hooks/exhaustive-deps

C:\Users\Ali Rayyan\Desktop\Mavroqsit\lawfirm-software\src\components\Admin\FirmsManagement.tsx
   48:6   warning  React Hook useEffect has a missing dependency: 'fetchFirms'. Either include it or remove the dependency array  react-hooks/exhaustive-deps
   74:45  error    Unexpected any. Specify a different type                                                                       @typescript-eslint/no-explicit-any
  279:20  error    Unexpected any. Specify a different type                                                                       @typescript-eslint/no-explicit-any

C:\Users\Ali Rayyan\Desktop\Mavroqsit\lawfirm-software\src\lib\__tests__\rbac.test.ts
   26:37  error    Unexpected any. Specify a different type                        @typescript-eslint/no-explicit-any
  197:54  error    Unexpected any. Specify a different type                        @typescript-eslint/no-explicit-any
  198:61  error    Unexpected any. Specify a different type                        @typescript-eslint/no-explicit-any
  232:1   warning  Assign object to a variable before exporting as module default  import/no-anonymous-default-export

C:\Users\Ali Rayyan\Desktop\Mavroqsit\lawfirm-software\src\lib\api-middleware.ts
    5:26  warning  'ErrorLogger' is defined but never used    @typescript-eslint/no-unused-vars
    5:39  warning  'ErrorSeverity' is defined but never used  @typescript-eslint/no-unused-vars
    5:54  warning  'ErrorType' is defined but never used      @typescript-eslint/no-unused-vars
   34:34  error    Unexpected any. Specify a different type   @typescript-eslint/no-explicit-any
   41:15  error    Unexpected any. Specify a different type   @typescript-eslint/no-explicit-any
  185:5   warning  'context' is defined but never used        @typescript-eslint/no-unused-vars
  198:18  error    Unexpected any. Specify a different type   @typescript-eslint/no-explicit-any
  199:18  error    Unexpected any. Specify a different type   @typescript-eslint/no-explicit-any

C:\Users\Ali Rayyan\Desktop\Mavroqsit\lawfirm-software\src\lib\auth.ts
  32:18  error  Unexpected any. Specify a different type  @typescript-eslint/no-explicit-any

C:\Users\Ali Rayyan\Desktop\Mavroqsit\lawfirm-software\src\lib\db.ts
  51:32  error  Unexpected any. Specify a different type  @typescript-eslint/no-explicit-any
  54:32  error  Unexpected any. Specify a different type  @typescript-eslint/no-explicit-any
  55:46  error  Unexpected any. Specify a different type  @typescript-eslint/no-explicit-any
  56:23  error  Unexpected any. Specify a different type  @typescript-eslint/no-explicit-any

C:\Users\Ali Rayyan\Desktop\Mavroqsit\lawfirm-software\src\lib\email.ts
  36:17  error  A `require()` style import is forbidden  @typescript-eslint/no-require-imports

C:\Users\Ali Rayyan\Desktop\Mavroqsit\lawfirm-software\src\lib\env.ts
  32:57  error  Unexpected any. Specify a different type  @typescript-eslint/no-explicit-any
  38:57  error  Unexpected any. Specify a different type  @typescript-eslint/no-explicit-any

C:\Users\Ali Rayyan\Desktop\Mavroqsit\lawfirm-software\src\lib\error-handler.ts
  310:18  warning  '_stack' is assigned a value but never used  @typescript-eslint/no-unused-vars

C:\Users\Ali Rayyan\Desktop\Mavroqsit\lawfirm-software\src\lib\nextauth.ts
  62:18  error  Unexpected any. Specify a different type  @typescript-eslint/no-explicit-any
  85:16  error  Unexpected any. Specify a different type  @typescript-eslint/no-explicit-any

C:\Users\Ali Rayyan\Desktop\Mavroqsit\lawfirm-software\src\lib\rate-limiter.ts
  270:21  error  Unexpected any. Specify a different type  @typescript-eslint/no-explicit-any

C:\Users\Ali Rayyan\Desktop\Mavroqsit\lawfirm-software\src\lib\storage.ts
  301:23  error  Unexpected any. Specify a different type  @typescript-eslint/no-explicit-any

C:\Users\Ali Rayyan\Desktop\Mavroqsit\lawfirm-software\src\lib\user-context.ts
  45:17  error  Unexpected any. Specify a different type  @typescript-eslint/no-explicit-any
  64:39  error  Unexpected any. Specify a different type  @typescript-eslint/no-explicit-any

âœ– 45 problems (33 errors, 12 warnings)

husky - pre-commit script failed (code 1)
